g:\_mycode\visual studio\opencv\carproject - 副本 (2)\carproject\x64\debug\vc141.pdb
g:\_mycode\visual studio\opencv\carproject - 副本 (2)\carproject\x64\debug\vc141.idb
g:\_mycode\visual studio\opencv\carproject - 副本 (2)\carproject\x64\debug\carproject.obj
g:\_mycode\visual studio\opencv\carproject - 副本 (2)\carproject\x64\debug\classfactory.obj
g:\_mycode\visual studio\opencv\carproject - 副本 (2)\carproject\x64\debug\contouridentystrategy.obj
g:\_mycode\visual studio\opencv\carproject - 副本 (2)\carproject\x64\debug\houghsegstrategy.obj
g:\_mycode\visual studio\opencv\carproject - 副本 (2)\carproject\x64\debug\hough_find_line.obj
g:\_mycode\visual studio\opencv\carproject - 副本 (2)\carproject\x64\debug\loadpicstrategy.obj
g:\_mycode\visual studio\opencv\carproject - 副本 (2)\carproject\x64\debug\localpicstrategy.obj
g:\_mycode\visual studio\opencv\carproject - 副本 (2)\carproject\x64\debug\locateplatestrategy.obj
g:\_mycode\visual studio\opencv\carproject - 副本 (2)\carproject\x64\debug\segmentsplatestrategy.obj
g:\_mycode\visual studio\opencv\carproject - 副本 (2)\carproject\x64\debug\register.obj
g:\_mycode\visual studio\opencv\carproject - 副本 (2)\carproject\x64\debug\recogcharstrategy.obj
g:\_mycode\visual studio\opencv\carproject - 副本 (2)\carproject\x64\debug\ocrstrategy.obj
g:\_mycode\visual studio\opencv\carproject - 副本 (2)\x64\debug\carproject.exe
g:\_mycode\visual studio\opencv\carproject - 副本 (2)\x64\debug\carproject.ilk
g:\_mycode\visual studio\opencv\carproject - 副本 (2)\x64\debug\carproject.pdb
g:\_mycode\visual studio\opencv\carproject - 副本 (2)\carproject\x64\debug\carproject.tlog\cl.command.1.tlog
g:\_mycode\visual studio\opencv\carproject - 副本 (2)\carproject\x64\debug\carproject.tlog\cl.read.1.tlog
g:\_mycode\visual studio\opencv\carproject - 副本 (2)\carproject\x64\debug\carproject.tlog\cl.write.1.tlog
g:\_mycode\visual studio\opencv\carproject - 副本 (2)\carproject\x64\debug\carproject.tlog\link.command.1.tlog
g:\_mycode\visual studio\opencv\carproject - 副本 (2)\carproject\x64\debug\carproject.tlog\link.read.1.tlog
g:\_mycode\visual studio\opencv\carproject - 副本 (2)\carproject\x64\debug\carproject.tlog\link.write.1.tlog
